<?xml version="1.0" encoding="UTF-8"?>
<!-- Generated by org.testng.reporters.JUnitXMLReporter -->
<testsuite hostname="guojiasdeMacBook-Pro.local" name="user test" tests="6" failures="2" timestamp="10 Dec 2018 12:20:51 GMT" time="2.037" errors="0">
  <testcase name="loginSuccess" time="1.854" classname="com.sxt.cases.LoginTest">
    <failure type="java.lang.AssertionError" message="expected [pass] but found [{&amp;quot;timestamp&amp;quot;:1544444451180,&amp;quot;status&amp;quot;:500,&amp;quot;error&amp;quot;:&amp;quot;Internal Server Error&amp;quot;,&amp;quot;exception&amp;quot;:&amp;quot;org.mybatis.spring.MyBatisSystemException&amp;quot;,&amp;quot;message&amp;quot;:&amp;quot;nested exception is org.apache.ibatis.exceptions.PersistenceException: \n### Error querying database.  Cause: org.springframework.jdbc.CannotGetJdbcConnectionException: Could not get JDBC Connection; nested exception is java.sql.SQLNonTransientConnectionException: Could not create connection to database server.\n### The error may exist in class path resource [mapper/mysql.xml]\n### The error may involve com.sxt.login\n### The error occurred while executing a query\n### Cause: org.springframework.jdbc.CannotGetJdbcConnectionException: Could not get JDBC Connection; nested exception is java.sql.SQLNonTransientConnectionException: Could not create connection to database server.&amp;quot;,&amp;quot;path&amp;quot;:&amp;quot;/v1/login&amp;quot;}]">
      <![CDATA[java.lang.AssertionError: expected [pass] but found [{"timestamp":1544444451180,"status":500,"error":"Internal Server Error","exception":"org.mybatis.spring.MyBatisSystemException","message":"nested exception is org.apache.ibatis.exceptions.PersistenceException: \n### Error querying database.  Cause: org.springframework.jdbc.CannotGetJdbcConnectionException: Could not get JDBC Connection; nested exception is java.sql.SQLNonTransientConnectionException: Could not create connection to database server.\n### The error may exist in class path resource [mapper/mysql.xml]\n### The error may involve com.sxt.login\n### The error occurred while executing a query\n### Cause: org.springframework.jdbc.CannotGetJdbcConnectionException: Could not get JDBC Connection; nested exception is java.sql.SQLNonTransientConnectionException: Could not create connection to database server.","path":"/v1/login"}]
	at com.sxt.cases.LoginTest.loginSuccess(LoginTest.java:43)
	at com.sun.proxy.$Proxy0.invoke(Unknown Source)
... Removed 37 stack frames]]>
    </failure>
  </testcase> <!-- loginSuccess -->
  <testcase name="loginFail" time="0.128" classname="com.sxt.cases.LoginTest">
    <failure type="java.lang.AssertionError" message="expected [fail] but found [{&amp;quot;timestamp&amp;quot;:1544444451372,&amp;quot;status&amp;quot;:500,&amp;quot;error&amp;quot;:&amp;quot;Internal Server Error&amp;quot;,&amp;quot;exception&amp;quot;:&amp;quot;org.mybatis.spring.MyBatisSystemException&amp;quot;,&amp;quot;message&amp;quot;:&amp;quot;nested exception is org.apache.ibatis.exceptions.PersistenceException: \n### Error querying database.  Cause: org.springframework.jdbc.CannotGetJdbcConnectionException: Could not get JDBC Connection; nested exception is java.sql.SQLException: The server time zone value &amp;apos;CST&amp;apos; is unrecognized or represents more than one time zone. You must configure either the server or JDBC driver (via the serverTimezone configuration property) to use a more specifc time zone value if you want to utilize time zone support.\n### The error may exist in class path resource [mapper/mysql.xml]\n### The error may involve com.sxt.login\n### The error occurred while executing a query\n### Cause: org.springframework.jdbc.CannotGetJdbcConnectionException: Could not get JDBC Connection; nested exception is java.sql.SQLException: The server time zone value &amp;apos;CST&amp;apos; is unrecognized or represents more than one time zone. You must configure either the server or JDBC driver (via the serverTimezone configuration property) to use a more specifc time zone value if you want to utilize time zone support.&amp;quot;,&amp;quot;path&amp;quot;:&amp;quot;/v1/login&amp;quot;}]">
      <![CDATA[java.lang.AssertionError: expected [fail] but found [{"timestamp":1544444451372,"status":500,"error":"Internal Server Error","exception":"org.mybatis.spring.MyBatisSystemException","message":"nested exception is org.apache.ibatis.exceptions.PersistenceException: \n### Error querying database.  Cause: org.springframework.jdbc.CannotGetJdbcConnectionException: Could not get JDBC Connection; nested exception is java.sql.SQLException: The server time zone value 'CST' is unrecognized or represents more than one time zone. You must configure either the server or JDBC driver (via the serverTimezone configuration property) to use a more specifc time zone value if you want to utilize time zone support.\n### The error may exist in class path resource [mapper/mysql.xml]\n### The error may involve com.sxt.login\n### The error occurred while executing a query\n### Cause: org.springframework.jdbc.CannotGetJdbcConnectionException: Could not get JDBC Connection; nested exception is java.sql.SQLException: The server time zone value 'CST' is unrecognized or represents more than one time zone. You must configure either the server or JDBC driver (via the serverTimezone configuration property) to use a more specifc time zone value if you want to utilize time zone support.","path":"/v1/login"}]
	at com.sxt.cases.LoginTest.loginFail(LoginTest.java:69)
	at com.sun.proxy.$Proxy0.invoke(Unknown Source)
... Removed 37 stack frames]]>
    </failure>
  </testcase> <!-- loginFail -->
  <testcase name="addUser" time="0.0" classname="com.sxt.cases.AddUserTest">
    <skipped/>
  </testcase> <!-- addUser -->
  <testcase name="getUserInfo" time="0.0" classname="com.sxt.cases.GetUserInfoTest">
    <skipped/>
  </testcase> <!-- getUserInfo -->
  <testcase name="getUserList" time="0.0" classname="com.sxt.cases.GetUserListTest">
    <skipped/>
  </testcase> <!-- getUserList -->
  <testcase name="getUserList" time="0.0" classname="com.sxt.cases.UpdateUserInfoTest">
    <skipped/>
  </testcase> <!-- getUserList -->
</testsuite> <!-- user test -->
