<?xml version="1.0" encoding="UTF-8" ?>
<testsuite tests="6" failures="2" name="TestSuite" time="2.997" errors="0" skipped="4">
  <properties>
[...]
</properties>
  <testcase classname="com.sxt.cases.LoginTest" name="loginSuccess" time="1.858">
    <failure message="expected [pass] but found [{&quot;timestamp&quot;:1544444451180,&quot;status&quot;:500,&quot;error&quot;:&quot;Internal Server Error&quot;,&quot;exception&quot;:&quot;org.mybatis.spring.MyBatisSystemException&quot;,&quot;message&quot;:&quot;nested exception is org.apache.ibatis.exceptions.PersistenceException: \n### Error querying database.  Cause: org.springframework.jdbc.CannotGetJdbcConnectionException: Could not get JDBC Connection; nested exception is java.sql.SQLNonTransientConnectionException: Could not create connection to database server.\n### The error may exist in class path resource [mapper/mysql.xml]\n### The error may involve com.sxt.login\n### The error occurred while executing a query\n### Cause: org.springframework.jdbc.CannotGetJdbcConnectionException: Could not get JDBC Connection; nested exception is java.sql.SQLNonTransientConnectionException: Could not create connection to database server.&quot;,&quot;path&quot;:&quot;/v1/login&quot;}]" type="java.lang.AssertionError">java.lang.AssertionError: expected [pass] but found [{&quot;timestamp&quot;:1544444451180,&quot;status&quot;:500,&quot;error&quot;:&quot;Internal Server Error&quot;,&quot;exception&quot;:&quot;org.mybatis.spring.MyBatisSystemException&quot;,&quot;message&quot;:&quot;nested exception is org.apache.ibatis.exceptions.PersistenceException: \n### Error querying database.  Cause: org.springframework.jdbc.CannotGetJdbcConnectionException: Could not get JDBC Connection; nested exception is java.sql.SQLNonTransientConnectionException: Could not create connection to database server.\n### The error may exist in class path resource [mapper/mysql.xml]\n### The error may involve com.sxt.login\n### The error occurred while executing a query\n### Cause: org.springframework.jdbc.CannotGetJdbcConnectionException: Could not get JDBC Connection; nested exception is java.sql.SQLNonTransientConnectionException: Could not create connection to database server.&quot;,&quot;path&quot;:&quot;/v1/login&quot;}]
	at org.testng.Assert.fail(Assert.java:94)
	at org.testng.Assert.failNotEquals(Assert.java:496)
	at org.testng.Assert.assertEquals(Assert.java:125)
	at org.testng.Assert.assertEquals(Assert.java:178)
	at org.testng.Assert.assertEquals(Assert.java:188)
	at com.sxt.cases.LoginTest.loginSuccess(LoginTest.java:43)
</failure>
    <system-out>@HL
@HL-------------------------------------------------------
@HL T E S T S
@HL-------------------------------------------------------
@SLRunning TestSuite
Login(id=1, username=zhangsan, password=123456, expected=pass)
http://localhost:8859/v1/login
</system-out>
  </testcase>
  <testcase classname="com.sxt.cases.LoginTest" name="loginFail" time="0.128">
    <failure message="expected [fail] but found [{&quot;timestamp&quot;:1544444451372,&quot;status&quot;:500,&quot;error&quot;:&quot;Internal Server Error&quot;,&quot;exception&quot;:&quot;org.mybatis.spring.MyBatisSystemException&quot;,&quot;message&quot;:&quot;nested exception is org.apache.ibatis.exceptions.PersistenceException: \n### Error querying database.  Cause: org.springframework.jdbc.CannotGetJdbcConnectionException: Could not get JDBC Connection; nested exception is java.sql.SQLException: The server time zone value &apos;CST&apos; is unrecognized or represents more than one time zone. You must configure either the server or JDBC driver (via the serverTimezone configuration property) to use a more specifc time zone value if you want to utilize time zone support.\n### The error may exist in class path resource [mapper/mysql.xml]\n### The error may involve com.sxt.login\n### The error occurred while executing a query\n### Cause: org.springframework.jdbc.CannotGetJdbcConnectionException: Could not get JDBC Connection; nested exception is java.sql.SQLException: The server time zone value &apos;CST&apos; is unrecognized or represents more than one time zone. You must configure either the server or JDBC driver (via the serverTimezone configuration property) to use a more specifc time zone value if you want to utilize time zone support.&quot;,&quot;path&quot;:&quot;/v1/login&quot;}]" type="java.lang.AssertionError">java.lang.AssertionError: expected [fail] but found [{&quot;timestamp&quot;:1544444451372,&quot;status&quot;:500,&quot;error&quot;:&quot;Internal Server Error&quot;,&quot;exception&quot;:&quot;org.mybatis.spring.MyBatisSystemException&quot;,&quot;message&quot;:&quot;nested exception is org.apache.ibatis.exceptions.PersistenceException: \n### Error querying database.  Cause: org.springframework.jdbc.CannotGetJdbcConnectionException: Could not get JDBC Connection; nested exception is java.sql.SQLException: The server time zone value &apos;CST&apos; is unrecognized or represents more than one time zone. You must configure either the server or JDBC driver (via the serverTimezone configuration property) to use a more specifc time zone value if you want to utilize time zone support.\n### The error may exist in class path resource [mapper/mysql.xml]\n### The error may involve com.sxt.login\n### The error occurred while executing a query\n### Cause: org.springframework.jdbc.CannotGetJdbcConnectionException: Could not get JDBC Connection; nested exception is java.sql.SQLException: The server time zone value &apos;CST&apos; is unrecognized or represents more than one time zone. You must configure either the server or JDBC driver (via the serverTimezone configuration property) to use a more specifc time zone value if you want to utilize time zone support.&quot;,&quot;path&quot;:&quot;/v1/login&quot;}]
	at org.testng.Assert.fail(Assert.java:94)
	at org.testng.Assert.failNotEquals(Assert.java:496)
	at org.testng.Assert.assertEquals(Assert.java:125)
	at org.testng.Assert.assertEquals(Assert.java:178)
	at org.testng.Assert.assertEquals(Assert.java:188)
	at com.sxt.cases.LoginTest.loginFail(LoginTest.java:69)
</failure>
    <system-out>Login(id=2, username=zhangsan, password=123432, expected=fail)
</system-out>
  </testcase>
  <testcase classname="com.sxt.cases.AddUserTest" name="addUser" time="0.13">
    <skipped/>
  </testcase>
  <testcase classname="com.sxt.cases.GetUserInfoTest" name="getUserInfo" time="0.13">
    <skipped/>
  </testcase>
  <testcase classname="com.sxt.cases.GetUserListTest" name="getUserList" time="0.13">
    <skipped/>
  </testcase>
  <testcase classname="com.sxt.cases.UpdateUserInfoTest" name="getUserList" time="0.13">
    <skipped/>
  </testcase>
</testsuite>